[2025-05-02T18:06:20.959+0000] {processor.py:161} INFO - Started process (PID=175) to work on /opt/airflow/dags/dagdaMain.py
[2025-05-02T18:06:20.962+0000] {processor.py:830} INFO - Processing file /opt/airflow/dags/dagdaMain.py for tasks to queue
[2025-05-02T18:06:20.989+0000] {logging_mixin.py:188} INFO - [2025-05-02T18:06:20.980+0000] {dagbag.py:538} INFO - Filling up the DagBag from /opt/airflow/dags/dagdaMain.py
[2025-05-02T18:06:21.271+0000] {processor.py:840} INFO - DAG(s) 'executar_pipeline_completo' retrieved from /opt/airflow/dags/dagdaMain.py
[2025-05-02T18:06:22.262+0000] {logging_mixin.py:188} INFO - [2025-05-02T18:06:22.261+0000] {override.py:1769} INFO - Created Permission View: can edit on DAG:executar_pipeline_completo
[2025-05-02T18:06:22.277+0000] {logging_mixin.py:188} INFO - [2025-05-02T18:06:22.277+0000] {override.py:1769} INFO - Created Permission View: can read on DAG:executar_pipeline_completo
[2025-05-02T18:06:22.286+0000] {logging_mixin.py:188} INFO - [2025-05-02T18:06:22.286+0000] {override.py:1769} INFO - Created Permission View: can delete on DAG:executar_pipeline_completo
[2025-05-02T18:06:22.288+0000] {logging_mixin.py:188} INFO - [2025-05-02T18:06:22.288+0000] {dag.py:3036} INFO - Sync 1 DAGs
[2025-05-02T18:06:22.319+0000] {logging_mixin.py:188} INFO - [2025-05-02T18:06:22.319+0000] {dag.py:3058} INFO - Creating ORM DAG for executar_pipeline_completo
[2025-05-02T18:06:22.388+0000] {logging_mixin.py:188} INFO - [2025-05-02T18:06:22.387+0000] {dag.py:3823} INFO - Setting next_dagrun for executar_pipeline_completo to 2025-05-02 08:00:00+00:00, run_after=2025-05-06 08:00:00+00:00
[2025-05-02T18:06:22.457+0000] {processor.py:183} INFO - Processing /opt/airflow/dags/dagdaMain.py took 1.532 seconds
[2025-05-02T18:06:52.732+0000] {processor.py:161} INFO - Started process (PID=180) to work on /opt/airflow/dags/dagdaMain.py
[2025-05-02T18:06:52.736+0000] {processor.py:830} INFO - Processing file /opt/airflow/dags/dagdaMain.py for tasks to queue
[2025-05-02T18:06:52.739+0000] {logging_mixin.py:188} INFO - [2025-05-02T18:06:52.738+0000] {dagbag.py:538} INFO - Filling up the DagBag from /opt/airflow/dags/dagdaMain.py
[2025-05-02T18:06:52.788+0000] {processor.py:840} INFO - DAG(s) 'executar_pipeline_completo' retrieved from /opt/airflow/dags/dagdaMain.py
[2025-05-02T18:06:52.846+0000] {logging_mixin.py:188} INFO - [2025-05-02T18:06:52.845+0000] {dag.py:3036} INFO - Sync 1 DAGs
[2025-05-02T18:06:52.880+0000] {logging_mixin.py:188} INFO - [2025-05-02T18:06:52.880+0000] {dag.py:3823} INFO - Setting next_dagrun for executar_pipeline_completo to 2025-05-02 08:00:00+00:00, run_after=2025-05-06 08:00:00+00:00
[2025-05-02T18:06:52.903+0000] {processor.py:183} INFO - Processing /opt/airflow/dags/dagdaMain.py took 0.181 seconds
[2025-05-02T18:07:23.136+0000] {processor.py:161} INFO - Started process (PID=185) to work on /opt/airflow/dags/dagdaMain.py
[2025-05-02T18:07:23.138+0000] {processor.py:830} INFO - Processing file /opt/airflow/dags/dagdaMain.py for tasks to queue
[2025-05-02T18:07:23.139+0000] {logging_mixin.py:188} INFO - [2025-05-02T18:07:23.138+0000] {dagbag.py:538} INFO - Filling up the DagBag from /opt/airflow/dags/dagdaMain.py
[2025-05-02T18:07:23.164+0000] {processor.py:840} INFO - DAG(s) 'executar_pipeline_completo' retrieved from /opt/airflow/dags/dagdaMain.py
[2025-05-02T18:07:23.208+0000] {logging_mixin.py:188} INFO - [2025-05-02T18:07:23.207+0000] {dag.py:3036} INFO - Sync 1 DAGs
[2025-05-02T18:07:23.236+0000] {logging_mixin.py:188} INFO - [2025-05-02T18:07:23.235+0000] {dag.py:3823} INFO - Setting next_dagrun for executar_pipeline_completo to 2025-05-02 08:00:00+00:00, run_after=2025-05-06 08:00:00+00:00
[2025-05-02T18:07:23.254+0000] {processor.py:183} INFO - Processing /opt/airflow/dags/dagdaMain.py took 0.123 seconds
[2025-05-02T18:07:53.345+0000] {processor.py:161} INFO - Started process (PID=190) to work on /opt/airflow/dags/dagdaMain.py
[2025-05-02T18:07:53.348+0000] {processor.py:830} INFO - Processing file /opt/airflow/dags/dagdaMain.py for tasks to queue
[2025-05-02T18:07:53.349+0000] {logging_mixin.py:188} INFO - [2025-05-02T18:07:53.348+0000] {dagbag.py:538} INFO - Filling up the DagBag from /opt/airflow/dags/dagdaMain.py
[2025-05-02T18:07:53.381+0000] {processor.py:840} INFO - DAG(s) 'executar_pipeline_completo' retrieved from /opt/airflow/dags/dagdaMain.py
[2025-05-02T18:07:53.411+0000] {logging_mixin.py:188} INFO - [2025-05-02T18:07:53.411+0000] {dag.py:3036} INFO - Sync 1 DAGs
[2025-05-02T18:07:53.433+0000] {logging_mixin.py:188} INFO - [2025-05-02T18:07:53.433+0000] {dag.py:3823} INFO - Setting next_dagrun for executar_pipeline_completo to 2025-05-02 08:00:00+00:00, run_after=2025-05-06 08:00:00+00:00
[2025-05-02T18:07:53.452+0000] {processor.py:183} INFO - Processing /opt/airflow/dags/dagdaMain.py took 0.111 seconds
[2025-05-02T18:08:23.643+0000] {processor.py:161} INFO - Started process (PID=195) to work on /opt/airflow/dags/dagdaMain.py
[2025-05-02T18:08:23.644+0000] {processor.py:830} INFO - Processing file /opt/airflow/dags/dagdaMain.py for tasks to queue
[2025-05-02T18:08:23.645+0000] {logging_mixin.py:188} INFO - [2025-05-02T18:08:23.645+0000] {dagbag.py:538} INFO - Filling up the DagBag from /opt/airflow/dags/dagdaMain.py
[2025-05-02T18:08:23.674+0000] {processor.py:840} INFO - DAG(s) 'executar_pipeline_completo' retrieved from /opt/airflow/dags/dagdaMain.py
[2025-05-02T18:08:23.709+0000] {logging_mixin.py:188} INFO - [2025-05-02T18:08:23.708+0000] {dag.py:3036} INFO - Sync 1 DAGs
[2025-05-02T18:08:23.732+0000] {logging_mixin.py:188} INFO - [2025-05-02T18:08:23.731+0000] {dag.py:3823} INFO - Setting next_dagrun for executar_pipeline_completo to 2025-05-02 08:00:00+00:00, run_after=2025-05-06 08:00:00+00:00
[2025-05-02T18:08:23.759+0000] {processor.py:183} INFO - Processing /opt/airflow/dags/dagdaMain.py took 0.123 seconds
[2025-05-02T18:08:53.896+0000] {processor.py:161} INFO - Started process (PID=200) to work on /opt/airflow/dags/dagdaMain.py
[2025-05-02T18:08:53.900+0000] {processor.py:830} INFO - Processing file /opt/airflow/dags/dagdaMain.py for tasks to queue
[2025-05-02T18:08:53.903+0000] {logging_mixin.py:188} INFO - [2025-05-02T18:08:53.902+0000] {dagbag.py:538} INFO - Filling up the DagBag from /opt/airflow/dags/dagdaMain.py
[2025-05-02T18:08:53.955+0000] {processor.py:840} INFO - DAG(s) 'executar_pipeline_completo' retrieved from /opt/airflow/dags/dagdaMain.py
[2025-05-02T18:08:54.013+0000] {logging_mixin.py:188} INFO - [2025-05-02T18:08:54.013+0000] {dag.py:3036} INFO - Sync 1 DAGs
[2025-05-02T18:08:54.049+0000] {logging_mixin.py:188} INFO - [2025-05-02T18:08:54.049+0000] {dag.py:3823} INFO - Setting next_dagrun for executar_pipeline_completo to 2025-05-02 08:00:00+00:00, run_after=2025-05-06 08:00:00+00:00
[2025-05-02T18:08:54.081+0000] {processor.py:183} INFO - Processing /opt/airflow/dags/dagdaMain.py took 0.199 seconds
[2025-05-02T18:09:24.179+0000] {processor.py:161} INFO - Started process (PID=205) to work on /opt/airflow/dags/dagdaMain.py
[2025-05-02T18:09:24.183+0000] {processor.py:830} INFO - Processing file /opt/airflow/dags/dagdaMain.py for tasks to queue
[2025-05-02T18:09:24.185+0000] {logging_mixin.py:188} INFO - [2025-05-02T18:09:24.184+0000] {dagbag.py:538} INFO - Filling up the DagBag from /opt/airflow/dags/dagdaMain.py
[2025-05-02T18:09:24.215+0000] {processor.py:840} INFO - DAG(s) 'executar_pipeline_completo' retrieved from /opt/airflow/dags/dagdaMain.py
[2025-05-02T18:09:24.259+0000] {logging_mixin.py:188} INFO - [2025-05-02T18:09:24.259+0000] {dag.py:3036} INFO - Sync 1 DAGs
[2025-05-02T18:09:24.325+0000] {logging_mixin.py:188} INFO - [2025-05-02T18:09:24.325+0000] {dag.py:3823} INFO - Setting next_dagrun for executar_pipeline_completo to 2025-05-02 08:00:00+00:00, run_after=2025-05-06 08:00:00+00:00
[2025-05-02T18:09:24.355+0000] {processor.py:183} INFO - Processing /opt/airflow/dags/dagdaMain.py took 0.188 seconds
[2025-05-02T18:09:54.529+0000] {processor.py:161} INFO - Started process (PID=210) to work on /opt/airflow/dags/dagdaMain.py
[2025-05-02T18:09:54.530+0000] {processor.py:830} INFO - Processing file /opt/airflow/dags/dagdaMain.py for tasks to queue
[2025-05-02T18:09:54.531+0000] {logging_mixin.py:188} INFO - [2025-05-02T18:09:54.531+0000] {dagbag.py:538} INFO - Filling up the DagBag from /opt/airflow/dags/dagdaMain.py
[2025-05-02T18:09:54.548+0000] {processor.py:840} INFO - DAG(s) 'executar_pipeline_completo' retrieved from /opt/airflow/dags/dagdaMain.py
[2025-05-02T18:09:54.572+0000] {logging_mixin.py:188} INFO - [2025-05-02T18:09:54.571+0000] {dag.py:3036} INFO - Sync 1 DAGs
[2025-05-02T18:09:54.592+0000] {logging_mixin.py:188} INFO - [2025-05-02T18:09:54.591+0000] {dag.py:3823} INFO - Setting next_dagrun for executar_pipeline_completo to 2025-05-02 08:00:00+00:00, run_after=2025-05-06 08:00:00+00:00
[2025-05-02T18:09:54.612+0000] {processor.py:183} INFO - Processing /opt/airflow/dags/dagdaMain.py took 0.087 seconds
[2025-05-02T18:10:24.768+0000] {processor.py:161} INFO - Started process (PID=215) to work on /opt/airflow/dags/dagdaMain.py
[2025-05-02T18:10:24.770+0000] {processor.py:830} INFO - Processing file /opt/airflow/dags/dagdaMain.py for tasks to queue
[2025-05-02T18:10:24.772+0000] {logging_mixin.py:188} INFO - [2025-05-02T18:10:24.771+0000] {dagbag.py:538} INFO - Filling up the DagBag from /opt/airflow/dags/dagdaMain.py
[2025-05-02T18:10:24.798+0000] {processor.py:840} INFO - DAG(s) 'executar_pipeline_completo' retrieved from /opt/airflow/dags/dagdaMain.py
[2025-05-02T18:10:24.828+0000] {logging_mixin.py:188} INFO - [2025-05-02T18:10:24.828+0000] {dag.py:3036} INFO - Sync 1 DAGs
[2025-05-02T18:10:24.853+0000] {logging_mixin.py:188} INFO - [2025-05-02T18:10:24.852+0000] {dag.py:3823} INFO - Setting next_dagrun for executar_pipeline_completo to 2025-05-02 08:00:00+00:00, run_after=2025-05-06 08:00:00+00:00
[2025-05-02T18:10:24.886+0000] {processor.py:183} INFO - Processing /opt/airflow/dags/dagdaMain.py took 0.122 seconds
[2025-05-02T18:10:55.144+0000] {processor.py:161} INFO - Started process (PID=220) to work on /opt/airflow/dags/dagdaMain.py
[2025-05-02T18:10:55.164+0000] {processor.py:830} INFO - Processing file /opt/airflow/dags/dagdaMain.py for tasks to queue
[2025-05-02T18:10:55.177+0000] {logging_mixin.py:188} INFO - [2025-05-02T18:10:55.169+0000] {dagbag.py:538} INFO - Filling up the DagBag from /opt/airflow/dags/dagdaMain.py
[2025-05-02T18:10:55.429+0000] {processor.py:840} INFO - DAG(s) 'executar_pipeline_completo' retrieved from /opt/airflow/dags/dagdaMain.py
[2025-05-02T18:10:55.804+0000] {logging_mixin.py:188} INFO - [2025-05-02T18:10:55.803+0000] {dag.py:3036} INFO - Sync 1 DAGs
[2025-05-02T18:10:55.994+0000] {logging_mixin.py:188} INFO - [2025-05-02T18:10:55.993+0000] {dag.py:3823} INFO - Setting next_dagrun for executar_pipeline_completo to 2025-05-02 08:00:00+00:00, run_after=2025-05-06 08:00:00+00:00
[2025-05-02T18:10:56.079+0000] {processor.py:183} INFO - Processing /opt/airflow/dags/dagdaMain.py took 1.031 seconds
