[2025-05-02T17:28:20.005+0000] {manager.py:469} INFO - Processing files using up to 2 processes at a time 
[2025-05-02T17:28:20.006+0000] {manager.py:470} INFO - Process each file at most once every 30 seconds
[2025-05-02T17:28:20.007+0000] {manager.py:471} INFO - Checking for new files in /opt/airflow/dags every 300 seconds
[2025-05-02T17:28:20.008+0000] {manager.py:738} INFO - Searching for files in /opt/airflow/dags
[2025-05-02T17:28:20.017+0000] {manager.py:741} INFO - There are 0 files in /opt/airflow/dags
[2025-05-02T17:32:41.197+0000] {manager.py:451} INFO - Exiting gracefully upon receiving signal 15
[2025-05-02T17:33:11.434+0000] {manager.py:469} INFO - Processing files using up to 2 processes at a time 
[2025-05-02T17:33:11.435+0000] {manager.py:470} INFO - Process each file at most once every 30 seconds
[2025-05-02T17:33:11.436+0000] {manager.py:471} INFO - Checking for new files in /opt/airflow/dags every 300 seconds
[2025-05-02T17:33:11.437+0000] {manager.py:738} INFO - Searching for files in /opt/airflow/dags
[2025-05-02T17:33:11.443+0000] {manager.py:741} INFO - There are 0 files in /opt/airflow/dags
[2025-05-02T17:38:11.798+0000] {manager.py:738} INFO - Searching for files in /opt/airflow/dags
[2025-05-02T17:38:11.842+0000] {manager.py:741} INFO - There are 0 files in /opt/airflow/dags
[2025-05-02T17:43:12.137+0000] {manager.py:738} INFO - Searching for files in /opt/airflow/dags
[2025-05-02T17:43:12.163+0000] {manager.py:741} INFO - There are 0 files in /opt/airflow/dags
[2025-05-02T17:43:27.799+0000] {manager.py:451} INFO - Exiting gracefully upon receiving signal 15
[2025-05-02T17:46:18.462+0000] {manager.py:469} INFO - Processing files using up to 2 processes at a time 
[2025-05-02T17:46:18.464+0000] {manager.py:470} INFO - Process each file at most once every 30 seconds
[2025-05-02T17:46:18.464+0000] {manager.py:471} INFO - Checking for new files in /opt/airflow/dags every 300 seconds
[2025-05-02T17:46:18.465+0000] {manager.py:738} INFO - Searching for files in /opt/airflow/dags
[2025-05-02T17:46:18.470+0000] {manager.py:741} INFO - There are 0 files in /opt/airflow/dags
[2025-05-02T17:51:18.779+0000] {manager.py:738} INFO - Searching for files in /opt/airflow/dags
[2025-05-02T17:51:19.026+0000] {manager.py:741} INFO - There are 0 files in /opt/airflow/dags
[2025-05-02T17:56:19.276+0000] {manager.py:738} INFO - Searching for files in /opt/airflow/dags
[2025-05-02T17:56:19.291+0000] {manager.py:741} INFO - There are 0 files in /opt/airflow/dags
[2025-05-02T18:01:19.634+0000] {manager.py:738} INFO - Searching for files in /opt/airflow/dags
[2025-05-02T18:01:20.144+0000] {manager.py:741} INFO - There are 0 files in /opt/airflow/dags
[2025-05-02T18:06:20.414+0000] {manager.py:738} INFO - Searching for files in /opt/airflow/dags
[2025-05-02T18:06:20.477+0000] {manager.py:741} INFO - There are 1 files in /opt/airflow/dags
[2025-05-02T18:06:24.500+0000] {manager.py:879} INFO - 
================================================================================
DAG File Processing Stats

File Path                       PID    Runtime      # DAGs    # Errors  Last Runtime    Last Run
------------------------------  -----  ---------  --------  ----------  --------------  -------------------
/opt/airflow/dags/dagdaMain.py                           1           0  1.74s           2025-05-02T18:06:22
================================================================================
[2025-05-02T18:06:54.702+0000] {manager.py:879} INFO - 
================================================================================
DAG File Processing Stats

File Path                       PID    Runtime      # DAGs    # Errors  Last Runtime    Last Run
------------------------------  -----  ---------  --------  ----------  --------------  -------------------
/opt/airflow/dags/dagdaMain.py                           1           0  0.25s           2025-05-02T18:06:52
================================================================================
[2025-05-02T18:07:25.121+0000] {manager.py:879} INFO - 
================================================================================
DAG File Processing Stats

File Path                       PID    Runtime      # DAGs    # Errors  Last Runtime    Last Run
------------------------------  -----  ---------  --------  ----------  --------------  -------------------
/opt/airflow/dags/dagdaMain.py                           1           0  0.17s           2025-05-02T18:07:23
================================================================================
[2025-05-02T18:07:55.429+0000] {manager.py:879} INFO - 
================================================================================
DAG File Processing Stats

File Path                       PID    Runtime      # DAGs    # Errors  Last Runtime    Last Run
------------------------------  -----  ---------  --------  ----------  --------------  -------------------
/opt/airflow/dags/dagdaMain.py                           1           0  0.16s           2025-05-02T18:07:53
================================================================================
[2025-05-02T18:08:25.648+0000] {manager.py:879} INFO - 
================================================================================
DAG File Processing Stats

File Path                       PID    Runtime      # DAGs    # Errors  Last Runtime    Last Run
------------------------------  -----  ---------  --------  ----------  --------------  -------------------
/opt/airflow/dags/dagdaMain.py                           1           0  0.17s           2025-05-02T18:08:23
================================================================================
[2025-05-02T18:08:55.965+0000] {manager.py:879} INFO - 
================================================================================
DAG File Processing Stats

File Path                       PID    Runtime      # DAGs    # Errors  Last Runtime    Last Run
------------------------------  -----  ---------  --------  ----------  --------------  -------------------
/opt/airflow/dags/dagdaMain.py                           1           0  0.26s           2025-05-02T18:08:54
================================================================================
[2025-05-02T18:09:26.333+0000] {manager.py:879} INFO - 
================================================================================
DAG File Processing Stats

File Path                       PID    Runtime      # DAGs    # Errors  Last Runtime    Last Run
------------------------------  -----  ---------  --------  ----------  --------------  -------------------
/opt/airflow/dags/dagdaMain.py                           1           0  0.24s           2025-05-02T18:09:24
================================================================================
[2025-05-02T18:09:56.527+0000] {manager.py:879} INFO - 
================================================================================
DAG File Processing Stats

File Path                       PID    Runtime      # DAGs    # Errors  Last Runtime    Last Run
------------------------------  -----  ---------  --------  ----------  --------------  -------------------
/opt/airflow/dags/dagdaMain.py                           1           0  0.11s           2025-05-02T18:09:54
================================================================================
[2025-05-02T18:10:26.805+0000] {manager.py:879} INFO - 
================================================================================
DAG File Processing Stats

File Path                       PID    Runtime      # DAGs    # Errors  Last Runtime    Last Run
------------------------------  -----  ---------  --------  ----------  --------------  -------------------
/opt/airflow/dags/dagdaMain.py                           1           0  0.15s           2025-05-02T18:10:24
================================================================================
